<?xml version="1.0" encoding="UTF-8"?>
<testng-results total="1" passed="1" failed="0" skipped="0">
  <reporter-output>
  </reporter-output>
  <suite started-at="2022-12-28T09:14:36Z" name="Default suite" finished-at="2022-12-28T09:15:10Z" duration-ms="33565">
    <groups>
    </groups>
    <test started-at="2022-12-28T09:14:36Z" name="Default test" finished-at="2022-12-28T09:15:10Z" duration-ms="33565">
      <class name="com.testcases.AddVaccancyTest">
        <test-method is-config="true" signature="openBrowser()[pri:0, instance:com.testcases.AddVaccancyTest@194fad1]" started-at="2022-12-28T14:44:36Z" name="openBrowser" finished-at="2022-12-28T14:44:45Z" duration-ms="8434" status="PASS">
          <reporter-output>
          </reporter-output>
        </test-method> <!-- openBrowser -->
        <test-method signature="validateAddVaccancy()[pri:0, instance:com.testcases.AddVaccancyTest@194fad1]" started-at="2022-12-28T14:44:45Z" name="validateAddVaccancy" finished-at="2022-12-28T14:45:10Z" duration-ms="24803" status="PASS">
          <reporter-output>
          </reporter-output>
        </test-method> <!-- validateAddVaccancy -->
        <test-method is-config="true" signature="closeBrowser()[pri:0, instance:com.testcases.AddVaccancyTest@194fad1]" started-at="2022-12-28T14:45:10Z" name="closeBrowser" finished-at="2022-12-28T14:45:10Z" duration-ms="319" status="PASS">
          <reporter-output>
          </reporter-output>
        </test-method> <!-- closeBrowser -->
      </class> <!-- com.testcases.AddVaccancyTest -->
    </test> <!-- Default test -->
  </suite> <!-- Default suite -->
</testng-results>
